<?xml version="1.0" encoding="UTF-8"?>
<!-- Generated by org.testng.reporters.JUnitXMLReporter -->
<testsuite ignored="0" hostname="DESKTOP-HNBDBSE" failures="1" tests="1" name="Test Selenium" time="26.668" errors="0" timestamp="2021-04-20T16:40:42 IST">
  <testcase classname="lloydsTesting.tcs.Seleniumtest" name="webTesting" time="5.011">
    <failure type="java.lang.AssertionError" message="expected [true] but found [false]">
      <![CDATA[java.lang.AssertionError: expected [true] but found [false]
at lloydsTesting.tcs.Seleniumtest.webTesting(Seleniumtest.java:47)
at java.base/java.util.ArrayList.forEach(ArrayList.java:1540)
at java.base/java.util.concurrent.FutureTask.run(FutureTask.java:264)
at java.base/java.util.concurrent.ThreadPoolExecutor.runWorker(ThreadPoolExecutor.java:1128)
at java.base/java.util.concurrent.ThreadPoolExecutor$Worker.run(ThreadPoolExecutor.java:628)
at java.base/java.lang.Thread.run(Thread.java:835)
... Removed 22 stack frames]]>
    </failure>
  </testcase> <!-- webTesting -->
</testsuite> <!-- Test Selenium -->
